Sep 20, 2018 3:42:54 PM com.magic.sussex.gui.StartBrowserAndReadInput doInBackground
INFO: Fetching Number of pages in the docx file. Please wait for a min
Sep 20, 2018 3:42:55 PM com.magic.util.WebDriverFactory getWebDriver
INFO: Going to launch Web Browser
Sep 20, 2018 3:42:57 PM com.magic.util.WebDriverFactory getWebDriver
INFO: Chrome Web Browser launched
Sep 20, 2018 3:42:58 PM com.magic.sussex.inputDetails.HtmlInputData getInputDocFileContentNew
INFO: Fetching data from table 1
Sep 20, 2018 3:43:02 PM com.magic.sussex.inputDetails.HtmlInputData getInputDocFileContentNew
INFO: Fetching data from table 2
Sep 20, 2018 3:43:12 PM com.magic.sussex.gui.GUI actionPerformed
INFO: Submit button of page creation type Clicked
Sep 20, 2018 3:43:12 PM com.magic.sussex.canvasDataPour.MainSussexPageCreation perform
INFO: Accessing web application for ingestion of content
Sep 20, 2018 3:43:20 PM com.magic.sussex.canvasDataPour.MainSussexPageCreation perform
INFO: Login is successfull
Sep 20, 2018 3:43:30 PM com.magic.sussex.canvasDataPour.MainSussexPageCreation perform
INFO: Module Course Design Prototype selected
Sep 20, 2018 3:43:30 PM com.magic.sussex.canvasDataPour.FileUploadAndInfo getAssetInfo
INFO: Fetching asset details
