Sep 25, 2018 1:50:32 PM com.magic.sussex.gui.StartBrowserAndReadInput doInBackground
INFO: Fetching Number of pages in the docx file. Please wait for a min
Sep 25, 2018 1:50:33 PM com.magic.util.WebDriverFactory getWebDriver
INFO: Going to launch Web Browser
Sep 25, 2018 1:50:35 PM com.magic.util.WebDriverFactory getWebDriver
INFO: Chrome Web Browser launched
Sep 25, 2018 1:50:36 PM com.magic.sussex.inputDetails.HtmlInputData getInputDocFileContentNew
INFO: Fetching data from table 1
Sep 25, 2018 1:50:40 PM com.magic.sussex.inputDetails.HtmlInputData getInputDocFileContentNew
INFO: Fetching data from table 2
Sep 25, 2018 1:50:51 PM com.magic.sussex.gui.GUI actionPerformed
INFO: Submit button of page creation type Clicked
Sep 25, 2018 1:50:51 PM com.magic.sussex.canvasDataPour.MainSussexPageCreation perform
INFO: Accessing web application for ingestion of content
Sep 25, 2018 1:51:04 PM com.magic.sussex.canvasDataPour.MainSussexPageCreation perform
INFO: Login is successfull
Sep 25, 2018 1:51:13 PM com.magic.sussex.canvasDataPour.MainSussexPageCreation perform
INFO: Module Global Marketing Management selected
Sep 25, 2018 1:51:13 PM com.magic.sussex.canvasDataPour.FileUploadAndInfo getAssetInfo
INFO: Fetching asset details
Sep 25, 2018 1:51:29 PM com.magic.sussex.canvasDataPour.FileUploadAndInfo getClickOnFolderName
INFO: Folder test get clicked
Sep 25, 2018 1:51:44 PM com.magic.sussex.canvasDataPour.FileUploadAndInfo getAssetInfo
INFO: Total asset count 18
Sep 25, 2018 1:51:45 PM com.magic.sussex.canvasDataPour.FileUploadAndInfo getAssetInfo
INFO: Image Name 2018-08-24-15-18-48.mp4 and URL https://canvas.sussex.ac.uk/files/255858/download
Sep 25, 2018 1:51:45 PM com.magic.sussex.canvasDataPour.FileUploadAndInfo getAssetInfo
INFO: Image Name arrow-right.png and URL https://canvas.sussex.ac.uk/files/252236/download
Sep 25, 2018 1:51:45 PM com.magic.sussex.canvasDataPour.FileUploadAndInfo getAssetInfo
INFO: Image Name arrow-top-right.png and URL https://canvas.sussex.ac.uk/files/252237/download
Sep 25, 2018 1:51:45 PM com.magic.sussex.canvasDataPour.FileUploadAndInfo getAssetInfo
INFO: Image Name assignmentBrief_2x.jpg and URL https://canvas.sussex.ac.uk/files/252238/download
Sep 25, 2018 1:51:45 PM com.magic.sussex.canvasDataPour.FileUploadAndInfo getAssetInfo
INFO: Image Name desktop.ini and URL https://canvas.sussex.ac.uk/files/255850/download
Sep 25, 2018 1:51:45 PM com.magic.sussex.canvasDataPour.FileUploadAndInfo getAssetInfo
INFO: Image Name Eclipse Java Neon.lnk and URL https://canvas.sussex.ac.uk/files/255851/download
Sep 25, 2018 1:51:45 PM com.magic.sussex.canvasDataPour.FileUploadAndInfo getAssetInfo
INFO: Image Name Folens eReader.lnk and URL https://canvas.sussex.ac.uk/files/255852/download
Sep 25, 2018 1:51:45 PM com.magic.sussex.canvasDataPour.FileUploadAndInfo getAssetInfo
INFO: Image Name home_banner.jpg and URL https://canvas.sussex.ac.uk/files/298110/download
Sep 25, 2018 1:51:45 PM com.magic.sussex.canvasDataPour.FileUploadAndInfo getAssetInfo
INFO: Image Name homepage_banner2x.jpg and URL https://canvas.sussex.ac.uk/files/298108/download
Sep 25, 2018 1:51:45 PM com.magic.sussex.canvasDataPour.FileUploadAndInfo getAssetInfo
INFO: Image Name HomePageImage_2x.jpg and URL https://canvas.sussex.ac.uk/files/298107/download
Sep 25, 2018 1:51:45 PM com.magic.sussex.canvasDataPour.FileUploadAndInfo getAssetInfo
INFO: Image Name Icon_Checklist.png and URL https://canvas.sussex.ac.uk/files/255868/download
Sep 25, 2018 1:51:46 PM com.magic.sussex.canvasDataPour.FileUploadAndInfo getAssetInfo
INFO: Image Name Icon_Examples.png and URL https://canvas.sussex.ac.uk/files/255866/download
Sep 25, 2018 1:51:46 PM com.magic.sussex.canvasDataPour.FileUploadAndInfo getAssetInfo
INFO: Image Name Icon_key.png and URL https://canvas.sussex.ac.uk/files/256282/download
Sep 25, 2018 1:51:46 PM com.magic.sussex.canvasDataPour.FileUploadAndInfo getAssetInfo
INFO: Image Name Icon_Portfolio.png and URL https://canvas.sussex.ac.uk/files/255867/download
Sep 25, 2018 1:51:46 PM com.magic.sussex.canvasDataPour.FileUploadAndInfo getAssetInfo
INFO: Image Name Icon_Q.png and URL https://canvas.sussex.ac.uk/files/256281/download
Sep 25, 2018 1:51:46 PM com.magic.sussex.canvasDataPour.FileUploadAndInfo getAssetInfo
INFO: Image Name jitin.jpg and URL https://canvas.sussex.ac.uk/files/255862/download
Sep 25, 2018 1:51:46 PM com.magic.sussex.canvasDataPour.FileUploadAndInfo getAssetInfo
INFO: Image Name splash.png and URL https://canvas.sussex.ac.uk/files/255406/download
Sep 25, 2018 1:51:46 PM com.magic.sussex.canvasDataPour.FileUploadAndInfo getAssetInfo
INFO: Image Name TakeFurther2.png and URL https://canvas.sussex.ac.uk/files/256283/download
Sep 25, 2018 1:51:46 PM com.magic.sussex.canvasDataPour.FileUploadAndInfo getAssetInfo
INFO: Fetching asset information completed successfull
Sep 25, 2018 1:51:46 PM com.magic.sussex.canvasDataPour.ReadTemplate verifyImageDetailsAvailable
INFO: Verifying required images available in application
Sep 25, 2018 1:51:46 PM com.magic.sussex.canvasDataPour.MainSussexPageCreation perform
INFO: null
